* Konvertiere Datei /media/Daten/Source/Popelscan/Project1.dpr *
Added defines -dBorland -dVer150 -dDelphi7 -dCompiler6_Up -dPUREPASCAL in custom options
Found all unit files
* Berichtigung der verwendeten Units für Datei /media/Daten/Source/Popelscan/Project1.dpr *

*** Converting unit files belonging to project/package ***
* Konvertiere Datei /media/Daten/Source/Popelscan/Lasersoftware.pas *
Kodierung von ISO-8859-1 zu UTF-8 geändert
Kodierung von ISO-8859-1 zu UTF-8 geändert
Zeichenschreibweise von Unit "ausgabe" auf "Ausgabe" korrigiert.
Zeichenschreibweise von Unit "image" auf "Image" korrigiert.
Zeichenschreibweise von Unit "live" auf "Live" korrigiert.
Zeichenschreibweise von Unit "BAIOPort" auf "BAIOPORT" korrigiert.
Zeichenschreibweise von Unit "ausgabeeffekte" auf "Ausgabeeffekte" korrigiert.
Unit "mmsystem" im uses Abschnitt entfernt.
Unit "QCCom32" mit "CCom32" im uses Abschnitt ersetzt.
Unit "Windows" mit "LCLIntf, LCLType, LMessages" im uses Abschnitt ersetzt.
Replaced call DeleteFile(FileName); with DeleteFileUTF8(FileName); { *Converted from DeleteFile* }
Added unit FileUtil to uses section
Replaced call FileExists(FileName) with FileExistsUTF8(FileName) { *Converted from FileExists* }
Replaced call fileexists(filelistbox1.filename) with FileExistsUTF8(filelistbox1.filename) { *Converted from FileExists* }
Replaced call DeleteFile(FileName); with DeleteFileUTF8(FileName); { *Converted from DeleteFile* }
Replaced call FileExists(FileName) with FileExistsUTF8(FileName) { *Converted from FileExists* }
Replaced call fileexists(savedialog1.filename) with FileExistsUTF8(savedialog1.filename) { *Converted from FileExists* }
Replaced call fileexists(opendialog1.filename) with FileExistsUTF8(opendialog1.filename) { *Converted from FileExists* }
Replaced call fileexists(ini) with FileExistsUTF8(ini) { *Converted from FileExists* }
Replaced call fileexists(b) with FileExistsUTF8(b) { *Converted from FileExists* }
Replaced call fileexists(ini) with FileExistsUTF8(ini) { *Converted from FileExists* }
Replaced call fileexists(filenamen) with FileExistsUTF8(filenamen) { *Converted from FileExists* }
* Konvertiere Datei /media/Daten/Source/Popelscan/Ausgabe.pas *
Kodierung von ISO-8859-1 zu UTF-8 geändert
Zeichenschreibweise von Unit "image" auf "Image" korrigiert.
Zeichenschreibweise von Unit "ausgabeeffekte" auf "Ausgabeeffekte" korrigiert.
Unit "QCCom32" mit "CCom32" im uses Abschnitt ersetzt.
Unit "Windows" mit "LCLIntf, LCLType, LMessages" im uses Abschnitt ersetzt.
* Konvertiere Datei /media/Daten/Source/Popelscan/Image.pas *
Kodierung von ISO-8859-1 zu UTF-8 geändert
Zeichenschreibweise von Unit "ausgabe" auf "Ausgabe" korrigiert.
Zeichenschreibweise von Unit "lasersoftware" auf "Lasersoftware" korrigiert.
Unit "QCCom32" mit "CCom32" im uses Abschnitt ersetzt.
Unit "Windows" mit "LCLIntf, LCLType, LMessages" im uses Abschnitt ersetzt.
* Konvertiere Datei /media/Daten/Source/Popelscan/Live.pas *
Kodierung von ISO-8859-1 zu UTF-8 geändert
Zeichenschreibweise von Unit "image" auf "Image" korrigiert.
Zeichenschreibweise von Unit "ausgabe" auf "Ausgabe" korrigiert.
Zeichenschreibweise von Unit "shortcuts" auf "Shortcuts" korrigiert.
Unit "QCCom32" mit "CCom32" im uses Abschnitt ersetzt.
Unit "Windows" mit "LCLIntf, LCLType, LMessages" im uses Abschnitt ersetzt.
Replaced call fileexists(filename) with FileExistsUTF8(filename) { *Converted from FileExists* }
Added unit FileUtil to uses section
Replaced call fileexists(ini) with FileExistsUTF8(ini) { *Converted from FileExists* }
* Konvertiere Datei /media/Daten/Source/Popelscan/Shortcuts.pas *
Zeichenschreibweise von Unit "ausgabe" auf "Ausgabe" korrigiert.
Zeichenschreibweise von Unit "lasersoftware" auf "Lasersoftware" korrigiert.
Zeichenschreibweise von Unit "live" auf "Live" korrigiert.
Unit "QCCom32" mit "CCom32" im uses Abschnitt ersetzt.
Unit "Windows" mit "LCLIntf, LCLType, LMessages" im uses Abschnitt ersetzt.
* Konvertiere Datei /media/Daten/Source/Popelscan/Ausgabeeffekte.pas *
Kodierung von ISO-8859-1 zu UTF-8 geändert
Zeichenschreibweise von Unit "image" auf "Image" korrigiert.
Unit "QCCom32" mit "CCom32" im uses Abschnitt ersetzt.
Unit "Windows" mit "LCLIntf, LCLType, LMessages" im uses Abschnitt ersetzt.
* Konvertiere Datei /media/Daten/Source/Popelscan/Easylase.pas *
Zeichenschreibweise von Unit "lasersoftware" auf "Lasersoftware" korrigiert.
Unit "QCCom32" mit "CCom32" im uses Abschnitt ersetzt.
Unit "Windows" mit "LCLIntf, LCLType, LMessages" im uses Abschnitt ersetzt.

*** Converting unit files found during conversion ***
* Konvertiere Datei /media/Daten/Source/Popelscan/BAIOPORT.PAS *
Zeichenschreibweise von Unit "ComAbout" auf "COMABOUT" korrigiert.
Unit "WinProcs" mit "LCLIntf, LCLType, LMessages" im uses Abschnitt ersetzt.
Unit "WinTypes" im uses Abschnitt entfernt.
Fixed unit name from BAIOPort to BAIOPORT.

*** Repariere Formulardateien ... ***
* Repariere Form-Datei /media/Daten/Source/Popelscan/Lasersoftware.lfm *
Removed property "Color".
Removed property "TextHeight".
Removed property "PixelsPerInch".
Removed property "OnShow".
Removed property "OnKeyDown".
Removed property "OnDestroy".
Removed property "OnCreate".
Removed property "OnClose".
Removed property "WindowState".
Removed property "PrintScale".
Removed property "Position".
Removed property "OldCreateOrder".
Removed property "Menu".
Removed property "Font.Style".
Removed property "Font.Name".
Removed property "Font.Height".
Removed property "Font.Color".
Removed property "Font.Charset".
Removed property "Color".
Removed property "Caption".
Removed property "VertScrollBar.Visible".
Removed property "HorzScrollBar.Visible".
Removed property "Height".
Removed property "Width".
Removed property "Top".
Removed property "Left".
Changed Top coord of TPanel from "132" to "118" inside TGroupBox.
Changed Left coord of TPanel from "408" to "406" inside TGroupBox.
Changed Top coord of TTrackBar from "35" to "21" inside TGroupBox.
Changed Left coord of TTrackBar from "408" to "406" inside TGroupBox.
Changed Top coord of TPanel from "132" to "118" inside TGroupBox.
Changed Left coord of TPanel from "370" to "368" inside TGroupBox.
Changed Top coord of TTrackBar from "35" to "21" inside TGroupBox.
Changed Left coord of TTrackBar from "370" to "368" inside TGroupBox.
Changed Top coord of TPanel from "132" to "118" inside TGroupBox.
Changed Left coord of TPanel from "330" to "328" inside TGroupBox.
Changed Top coord of TTrackBar from "35" to "21" inside TGroupBox.
Changed Left coord of TTrackBar from "330" to "328" inside TGroupBox.
Changed Top coord of TPanel from "132" to "118" inside TGroupBox.
Changed Left coord of TPanel from "290" to "288" inside TGroupBox.
Changed Top coord of TTrackBar from "35" to "21" inside TGroupBox.
Changed Left coord of TTrackBar from "290" to "288" inside TGroupBox.
Changed Top coord of TPanel from "152" to "138" inside TGroupBox.
Changed Left coord of TPanel from "128" to "126" inside TGroupBox.
Changed Top coord of TPanel from "152" to "138" inside TGroupBox.
Changed Left coord of TPanel from "88" to "86" inside TGroupBox.
Changed Top coord of TPanel from "152" to "138" inside TGroupBox.
Changed Left coord of TPanel from "48" to "46" inside TGroupBox.
Changed Top coord of TPanel from "152" to "138" inside TGroupBox.
Changed Left coord of TPanel from "8" to "6" inside TGroupBox.
Changed Top coord of TTrackBar from "56" to "42" inside TGroupBox.
Changed Left coord of TTrackBar from "8" to "6" inside TGroupBox.
Changed Top coord of TTrackBar from "56" to "42" inside TGroupBox.
Changed Left coord of TTrackBar from "48" to "46" inside TGroupBox.
Changed Top coord of TTrackBar from "56" to "42" inside TGroupBox.
Changed Left coord of TTrackBar from "88" to "86" inside TGroupBox.
Changed Top coord of TTrackBar from "56" to "42" inside TGroupBox.
Changed Left coord of TTrackBar from "128" to "126" inside TGroupBox.
Changed Top coord of TCheckBox from "23" to "9" inside TGroupBox.
Changed Left coord of TCheckBox from "8" to "6" inside TGroupBox.
Changed Top coord of TLabel from "43" to "29" inside TGroupBox.
Changed Left coord of TLabel from "135" to "133" inside TGroupBox.
Changed Top coord of TLabel from "43" to "29" inside TGroupBox.
Changed Left coord of TLabel from "95" to "93" inside TGroupBox.
Changed Top coord of TLabel from "43" to "29" inside TGroupBox.
Changed Left coord of TLabel from "55" to "53" inside TGroupBox.
Changed Top coord of TLabel from "43" to "29" inside TGroupBox.
Changed Left coord of TLabel from "12" to "10" inside TGroupBox.
Changed Top coord of TRadioButton from "24" to "10" inside TGroupBox.
Changed Left coord of TRadioButton from "8" to "6" inside TGroupBox.
Changed Top coord of TRadioButton from "153" to "139" inside TGroupBox.
Changed Left coord of TRadioButton from "8" to "6" inside TGroupBox.
Changed Top coord of TRadioButton from "137" to "123" inside TGroupBox.
Changed Left coord of TRadioButton from "8" to "6" inside TGroupBox.
Changed Top coord of TRadioButton from "121" to "107" inside TGroupBox.
Changed Left coord of TRadioButton from "8" to "6" inside TGroupBox.
Changed Top coord of TRadioButton from "105" to "91" inside TGroupBox.
Changed Left coord of TRadioButton from "8" to "6" inside TGroupBox.
Changed Top coord of TRadioButton from "88" to "74" inside TGroupBox.
Changed Left coord of TRadioButton from "8" to "6" inside TGroupBox.
Changed Top coord of TRadioButton from "72" to "58" inside TGroupBox.
Changed Left coord of TRadioButton from "8" to "6" inside TGroupBox.
Changed Top coord of TRadioButton from "56" to "42" inside TGroupBox.
Changed Left coord of TRadioButton from "8" to "6" inside TGroupBox.
Changed Top coord of TRadioButton from "40" to "26" inside TGroupBox.
Changed Left coord of TRadioButton from "8" to "6" inside TGroupBox.
Changed Top coord of TPageControl from "160" to "146" inside TGroupBox.
Changed Left coord of TPageControl from "8" to "6" inside TGroupBox.
Changed Top coord of TPanel from "132" to "118" inside TGroupBox.
Changed Left coord of TPanel from "250" to "248" inside TGroupBox.
Changed Top coord of TPanel from "132" to "118" inside TGroupBox.
Changed Left coord of TPanel from "210" to "208" inside TGroupBox.
Changed Top coord of TPanel from "132" to "118" inside TGroupBox.
Changed Left coord of TPanel from "170" to "168" inside TGroupBox.
Changed Top coord of TPanel from "132" to "118" inside TGroupBox.
Changed Left coord of TPanel from "130" to "128" inside TGroupBox.
Changed Top coord of TPanel from "132" to "118" inside TGroupBox.
Changed Left coord of TPanel from "90" to "88" inside TGroupBox.
Changed Top coord of TPanel from "132" to "118" inside TGroupBox.
Changed Left coord of TPanel from "10" to "8" inside TGroupBox.
Changed Top coord of TTrackBar from "35" to "21" inside TGroupBox.
Changed Left coord of TTrackBar from "250" to "248" inside TGroupBox.
Changed Top coord of TTrackBar from "35" to "21" inside TGroupBox.
Changed Left coord of TTrackBar from "210" to "208" inside TGroupBox.
Changed Top coord of TTrackBar from "35" to "21" inside TGroupBox.
Changed Left coord of TTrackBar from "170" to "168" inside TGroupBox.
Changed Top coord of TTrackBar from "35" to "21" inside TGroupBox.
Changed Left coord of TTrackBar from "130" to "128" inside TGroupBox.
Changed Top coord of TTrackBar from "35" to "21" inside TGroupBox.
Changed Left coord of TTrackBar from "90" to "88" inside TGroupBox.
Changed Top coord of TPanel from "132" to "118" inside TGroupBox.
Changed Left coord of TPanel from "50" to "48" inside TGroupBox.
Changed Top coord of TTrackBar from "35" to "21" inside TGroupBox.
Changed Left coord of TTrackBar from "50" to "48" inside TGroupBox.
Changed Top coord of TTrackBar from "35" to "21" inside TGroupBox.
Changed Left coord of TTrackBar from "10" to "8" inside TGroupBox.
Changed Top coord of TLabel from "13" to "0" inside TGroupBox.
Changed Left coord of TLabel from "128" to "126" inside TGroupBox.
Changed Top coord of TLabel from "13" to "0" inside TGroupBox.
Changed Left coord of TLabel from "88" to "86" inside TGroupBox.
Changed Top coord of TLabel from "24" to "10" inside TGroupBox.
Changed Left coord of TLabel from "89" to "87" inside TGroupBox.
Changed Top coord of TLabel from "24" to "10" inside TGroupBox.
Changed Left coord of TLabel from "130" to "128" inside TGroupBox.
Changed Top coord of TLabel from "24" to "10" inside TGroupBox.
Changed Left coord of TLabel from "405" to "403" inside TGroupBox.
Changed Top coord of TLabel from "13" to "0" inside TGroupBox.
Changed Left coord of TLabel from "405" to "403" inside TGroupBox.
Changed Top coord of TLabel from "24" to "10" inside TGroupBox.
Changed Left coord of TLabel from "330" to "328" inside TGroupBox.
Changed Top coord of TLabel from "24" to "10" inside TGroupBox.
Changed Left coord of TLabel from "365" to "363" inside TGroupBox.
Changed Top coord of TLabel from "24" to "10" inside TGroupBox.
Changed Left coord of TLabel from "290" to "288" inside TGroupBox.
Changed Top coord of TLabel from "24" to "10" inside TGroupBox.
Changed Left coord of TLabel from "10" to "8" inside TGroupBox.
Changed Top coord of TLabel from "13" to "0" inside TGroupBox.
Changed Left coord of TLabel from "48" to "46" inside TGroupBox.
Changed Top coord of TLabel from "13" to "0" inside TGroupBox.
Changed Left coord of TLabel from "13" to "11" inside TGroupBox.
Changed Top coord of TLabel from "24" to "10" inside TGroupBox.
Changed Left coord of TLabel from "48" to "46" inside TGroupBox.
Changed Top coord of TLabel from "24" to "10" inside TGroupBox.
Changed Left coord of TLabel from "170" to "168" inside TGroupBox.
Changed Top coord of TLabel from "24" to "10" inside TGroupBox.
Changed Left coord of TLabel from "210" to "208" inside TGroupBox.
Changed Top coord of TLabel from "24" to "10" inside TGroupBox.
Changed Left coord of TLabel from "250" to "248" inside TGroupBox.
Changed Top coord of TCheckBox from "8" to "6" inside TPanel.
Changed Left coord of TCheckBox from "744" to "742" inside TPanel.
Changed Top coord of TCheckBox from "8" to "6" inside TPanel.
Changed Left coord of TCheckBox from "552" to "550" inside TPanel.
Changed Top coord of TPanel from "27" to "25" inside TPanel.
Changed Left coord of TPanel from "552" to "550" inside TPanel.
Changed Top coord of TPanel from "27" to "25" inside TPanel.
Changed Left coord of TPanel from "640" to "638" inside TPanel.
Changed Top coord of TButton from "27" to "25" inside TPanel.
Changed Left coord of TButton from "464" to "462" inside TPanel.
Changed Top coord of TButton from "8" to "6" inside TPanel.
Changed Left coord of TButton from "280" to "278" inside TPanel.
Changed Top coord of TCheckBox from "8" to "6" inside TPanel.
Changed Left coord of TCheckBox from "464" to "462" inside TPanel.
Changed Top coord of TButton from "32" to "30" inside TPanel.
Changed Left coord of TButton from "280" to "278" inside TPanel.
Changed Top coord of TCheckBox from "32" to "30" inside TPanel.
Changed Left coord of TCheckBox from "96" to "94" inside TPanel.
Changed Top coord of TUpDown from "27" to "25" inside TPanel.
Changed Left coord of TUpDown from "441" to "439" inside TPanel.
Changed Top coord of TCheckBox from "8" to "6" inside TPanel.
Changed Left coord of TCheckBox from "368" to "366" inside TPanel.
Changed Top coord of TPanel from "32" to "30" inside TPanel.
Changed Left coord of TPanel from "56" to "54" inside TPanel.
Changed Top coord of TPanel from "27" to "25" inside TPanel.
Changed Left coord of TPanel from "368" to "366" inside TPanel.
Changed Top coord of TPanel from "17" to "15" inside TPanel.
Changed Left coord of TPanel from "912" to "910" inside TPanel.
Changed Top coord of TButton from "32" to "30" inside TPanel.
Changed Left coord of TButton from "200" to "198" inside TPanel.
Changed Top coord of TPanel from "8" to "6" inside TPanel.
Changed Left coord of TPanel from "216" to "214" inside TPanel.
Changed Top coord of TScrollBar from "8" to "6" inside TPanel.
Changed Left coord of TScrollBar from "72" to "70" inside TPanel.
Changed Top coord of TLabel from "8" to "6" inside TPanel.
Changed Left coord of TLabel from "648" to "646" inside TPanel.
Changed Top coord of TLabel from "32" to "30" inside TPanel.
Changed Left coord of TLabel from "8" to "6" inside TPanel.
Changed Top coord of TLabel from "8" to "6" inside TPanel.
Changed Left coord of TLabel from "8" to "6" inside TPanel.
Changed Top coord of TMemo from "144" to "130" inside TGroupBox.
Changed Left coord of TMemo from "8" to "6" inside TGroupBox.
Changed Top coord of TMemo from "224" to "210" inside TGroupBox.
Changed Left coord of TMemo from "8" to "6" inside TGroupBox.
Changed Top coord of TDriveComboBox from "16" to "2" inside TGroupBox.
Changed Left coord of TDriveComboBox from "8" to "6" inside TGroupBox.
Changed Top coord of TDirectoryListBox from "40" to "26" inside TGroupBox.
Changed Left coord of TDirectoryListBox from "8" to "6" inside TGroupBox.
Changed Top coord of TFileListBox from "136" to "122" inside TGroupBox.
Changed Left coord of TFileListBox from "0" to "0" inside TGroupBox.
Changed Top coord of TRadioButton from "96" to "94" inside TPanel.
Changed Left coord of TRadioButton from "208" to "206" inside TPanel.
Changed Top coord of TRadioButton from "96" to "94" inside TPanel.
Changed Left coord of TRadioButton from "144" to "142" inside TPanel.
Changed Top coord of TRadioButton from "80" to "78" inside TPanel.
Changed Left coord of TRadioButton from "208" to "206" inside TPanel.
Changed Top coord of TRadioButton from "80" to "78" inside TPanel.
Changed Left coord of TRadioButton from "144" to "142" inside TPanel.
Changed Top coord of TCheckBox from "216" to "214" inside TPanel.
Changed Left coord of TCheckBox from "144" to "142" inside TPanel.
Changed Top coord of TCheckBox from "64" to "62" inside TPanel.
Changed Left coord of TCheckBox from "8" to "6" inside TPanel.
Changed Top coord of TCheckBox from "268" to "266" inside TPanel.
Changed Left coord of TCheckBox from "80" to "78" inside TPanel.
Changed Top coord of TPanel from "264" to "262" inside TPanel.
Changed Left coord of TPanel from "8" to "6" inside TPanel.
Changed Top coord of TUpDown from "264" to "262" inside TPanel.
Changed Left coord of TUpDown from "49" to "47" inside TPanel.
Changed Top coord of TRadioButton from "13" to "0" inside TGroupBox.
Changed Left coord of TRadioButton from "16" to "14" inside TGroupBox.
Changed Top coord of TRadioButton from "29" to "15" inside TGroupBox.
Changed Left coord of TRadioButton from "72" to "70" inside TGroupBox.
Changed Top coord of TRadioButton from "13" to "0" inside TGroupBox.
Changed Left coord of TRadioButton from "72" to "70" inside TGroupBox.
Changed Top coord of TRadioButton from "29" to "15" inside TGroupBox.
Changed Left coord of TRadioButton from "16" to "14" inside TGroupBox.
Changed Top coord of TGroupBox from "111" to "109" inside TPanel.
Changed Left coord of TGroupBox from "144" to "142" inside TPanel.
Changed Top coord of TCheckBox from "192" to "190" inside TPanel.
Changed Left coord of TCheckBox from "8" to "6" inside TPanel.
Changed Top coord of TCheckBox from "176" to "174" inside TPanel.
Changed Left coord of TCheckBox from "8" to "6" inside TPanel.
Changed Top coord of TCheckBox from "160" to "158" inside TPanel.
Changed Left coord of TCheckBox from "8" to "6" inside TPanel.
Changed Top coord of TButton from "192" to "190" inside TPanel.
Changed Left coord of TButton from "144" to "142" inside TPanel.
Changed Top coord of TButton from "168" to "166" inside TPanel.
Changed Left coord of TButton from "144" to "142" inside TPanel.
Changed Top coord of TRadioButton from "64" to "62" inside TPanel.
Changed Left coord of TRadioButton from "208" to "206" inside TPanel.
Changed Top coord of TRadioButton from "48" to "46" inside TPanel.
Changed Left coord of TRadioButton from "208" to "206" inside TPanel.
Changed Top coord of TRadioButton from "64" to "62" inside TPanel.
Changed Left coord of TRadioButton from "144" to "142" inside TPanel.
Changed Top coord of TRadioButton from "48" to "46" inside TPanel.
Changed Left coord of TRadioButton from "144" to "142" inside TPanel.
Changed Top coord of TCheckBox from "140" to "138" inside TPanel.
Changed Left coord of TCheckBox from "8" to "6" inside TPanel.
Changed Top coord of TCheckBox from "124" to "122" inside TPanel.
Changed Left coord of TCheckBox from "8" to "6" inside TPanel.
Changed Top coord of TCheckBox from "124" to "122" inside TPanel.
Changed Left coord of TCheckBox from "72" to "70" inside TPanel.
Changed Top coord of TCheckBox from "96" to "94" inside TPanel.
Changed Left coord of TCheckBox from "8" to "6" inside TPanel.
Changed Top coord of TCheckBox from "80" to "78" inside TPanel.
Changed Left coord of TCheckBox from "8" to "6" inside TPanel.
Changed Top coord of TCheckBox from "48" to "46" inside TPanel.
Changed Left coord of TCheckBox from "8" to "6" inside TPanel.
Changed Top coord of TPanel from "234" to "232" inside TPanel.
Changed Left coord of TPanel from "180" to "178" inside TPanel.
Changed Top coord of TTrackBar from "232" to "230" inside TPanel.
Changed Left coord of TTrackBar from "8" to "6" inside TPanel.
Changed Top coord of TCheckBox from "216" to "214" inside TPanel.
Changed Left coord of TCheckBox from "8" to "6" inside TPanel.
Changed Top coord of TButton from "8" to "6" inside TPanel.
Changed Left coord of TButton from "144" to "142" inside TPanel.
Changed Top coord of TButton from "8" to "6" inside TPanel.
Changed Left coord of TButton from "8" to "6" inside TPanel.
Changed Top coord of TRadioButton from "8" to "6" inside TPanel.
Changed Left coord of TRadioButton from "64" to "62" inside TPanel.
Changed Top coord of TRadioButton from "8" to "6" inside TPanel.
Changed Left coord of TRadioButton from "8" to "6" inside TPanel.
Changed Top coord of TLabel from "24" to "22" inside TPanel.
Changed Left coord of TLabel from "8" to "6" inside TPanel.
Changed Top coord of TPanel from "272" to "270" inside TPanel.
Changed Left coord of TPanel from "8" to "6" inside TPanel.
Changed Top coord of TPaintBox from "9" to "7" inside TPanel.
Changed Left coord of TPaintBox from "9" to "7" inside TPanel.
* Berichtigung der verwendeten Units für Datei /media/Daten/Source/Popelscan/Lasersoftware.pas *
* Berichtigung der verwendeten Units für Datei /media/Daten/Source/Popelscan/Ausgabe.pas *
* Berichtigung der verwendeten Units für Datei /media/Daten/Source/Popelscan/Image.pas *
* Berichtigung der verwendeten Units für Datei /media/Daten/Source/Popelscan/Live.pas *
* Repariere Form-Datei /media/Daten/Source/Popelscan/Shortcuts.lfm *
Konvertierung benötigte: 00:00:28
Conversion Ready.
